<testsuites id="" name="" tests="4" failures="4" skipped="0" errors="0" time="6.351694999999999">
<testsuite name="osaka-autocomplete-test.spec.ts" timestamp="2025-08-05T00:46:58.285Z" hostname="chromium" tests="1" failures="1" skipped="0" time="3.003" errors="0">
<testcase name="FIRSTHAND TESTING: Osaka Autocomplete Issue › Reproduce user-reported Osaka autocomplete issue" classname="osaka-autocomplete-test.spec.ts" time="3.003">
<failure message="osaka-autocomplete-test.spec.ts:4:3 Reproduce user-reported Osaka autocomplete issue" type="FAILURE">
<![CDATA[  [chromium] › osaka-autocomplete-test.spec.ts:4:3 › FIRSTHAND TESTING: Osaka Autocomplete Issue › Reproduce user-reported Osaka autocomplete issue 

    Error: page.goto: net::ERR_CONNECTION_REFUSED at http://localhost:5177/
    Call log:
      - navigating to "http://localhost:5177/", waiting until "load"


       8 |     // Navigate to the actual running server (user reported 5177)
       9 |     console.log('📱 Navigating to http://localhost:5177 (user-reported server)...');
    > 10 |     await page.goto('http://localhost:5177');
         |                ^
      11 |     
      12 |     // Wait for app to load
      13 |     await page.waitForTimeout(2000);
        at C:\Users\Rachel\Desktop\SmartPack\SmartPack\playwright\osaka-autocomplete-test.spec.ts:10:16

    attachment #1: screenshot (image/png) ──────────────────────────────────────────────────────────
    ..\test-results\osaka-autocomplete-test-FI-b4604-ed-Osaka-autocomplete-issue-chromium\test-failed-1.png
    ────────────────────────────────────────────────────────────────────────────────────────────────

    attachment #2: video (video/webm) ──────────────────────────────────────────────────────────────
    ..\test-results\osaka-autocomplete-test-FI-b4604-ed-Osaka-autocomplete-issue-chromium\video.webm
    ────────────────────────────────────────────────────────────────────────────────────────────────

    Error Context: ..\test-results\osaka-autocomplete-test-FI-b4604-ed-Osaka-autocomplete-issue-chromium\error-context.md
]]>
</failure>
<system-out>
<![CDATA[🔍 FIRSTHAND TESTING: Starting Osaka autocomplete investigation...
🎯 OBJECTIVE: Verify if "Osaka" → "Osaka, Japan" autocomplete works or fails
📱 Navigating to http://localhost:5177 (user-reported server)...

[[ATTACHMENT|test-results\osaka-autocomplete-test-FI-b4604-ed-Osaka-autocomplete-issue-chromium\test-failed-1.png]]

[[ATTACHMENT|test-results\osaka-autocomplete-test-FI-b4604-ed-Osaka-autocomplete-issue-chromium\video.webm]]

[[ATTACHMENT|test-results\osaka-autocomplete-test-FI-b4604-ed-Osaka-autocomplete-issue-chromium\error-context.md]]
]]>
</system-out>
</testcase>
</testsuite>
<testsuite name="osaka-autocomplete-test.spec.ts" timestamp="2025-08-05T00:46:58.285Z" hostname="firefox" tests="1" failures="1" skipped="0" time="3.864" errors="0">
<testcase name="FIRSTHAND TESTING: Osaka Autocomplete Issue › Reproduce user-reported Osaka autocomplete issue" classname="osaka-autocomplete-test.spec.ts" time="3.864">
<failure message="osaka-autocomplete-test.spec.ts:4:3 Reproduce user-reported Osaka autocomplete issue" type="FAILURE">
<![CDATA[  [firefox] › osaka-autocomplete-test.spec.ts:4:3 › FIRSTHAND TESTING: Osaka Autocomplete Issue › Reproduce user-reported Osaka autocomplete issue 

    Error: page.goto: NS_ERROR_CONNECTION_REFUSED
    Call log:
      - navigating to "http://localhost:5177/", waiting until "load"


       8 |     // Navigate to the actual running server (user reported 5177)
       9 |     console.log('📱 Navigating to http://localhost:5177 (user-reported server)...');
    > 10 |     await page.goto('http://localhost:5177');
         |                ^
      11 |     
      12 |     // Wait for app to load
      13 |     await page.waitForTimeout(2000);
        at C:\Users\Rachel\Desktop\SmartPack\SmartPack\playwright\osaka-autocomplete-test.spec.ts:10:16

    attachment #1: screenshot (image/png) ──────────────────────────────────────────────────────────
    ..\test-results\osaka-autocomplete-test-FI-b4604-ed-Osaka-autocomplete-issue-firefox\test-failed-1.png
    ────────────────────────────────────────────────────────────────────────────────────────────────

    attachment #2: video (video/webm) ──────────────────────────────────────────────────────────────
    ..\test-results\osaka-autocomplete-test-FI-b4604-ed-Osaka-autocomplete-issue-firefox\video.webm
    ────────────────────────────────────────────────────────────────────────────────────────────────

    Error Context: ..\test-results\osaka-autocomplete-test-FI-b4604-ed-Osaka-autocomplete-issue-firefox\error-context.md
]]>
</failure>
<system-out>
<![CDATA[🔍 FIRSTHAND TESTING: Starting Osaka autocomplete investigation...
🎯 OBJECTIVE: Verify if "Osaka" → "Osaka, Japan" autocomplete works or fails
📱 Navigating to http://localhost:5177 (user-reported server)...

[[ATTACHMENT|test-results\osaka-autocomplete-test-FI-b4604-ed-Osaka-autocomplete-issue-firefox\test-failed-1.png]]

[[ATTACHMENT|test-results\osaka-autocomplete-test-FI-b4604-ed-Osaka-autocomplete-issue-firefox\video.webm]]

[[ATTACHMENT|test-results\osaka-autocomplete-test-FI-b4604-ed-Osaka-autocomplete-issue-firefox\error-context.md]]
]]>
</system-out>
</testcase>
</testsuite>
<testsuite name="osaka-autocomplete-test.spec.ts" timestamp="2025-08-05T00:46:58.285Z" hostname="webkit" tests="1" failures="1" skipped="0" time="2.812" errors="0">
<testcase name="FIRSTHAND TESTING: Osaka Autocomplete Issue › Reproduce user-reported Osaka autocomplete issue" classname="osaka-autocomplete-test.spec.ts" time="2.812">
<failure message="osaka-autocomplete-test.spec.ts:4:3 Reproduce user-reported Osaka autocomplete issue" type="FAILURE">
<![CDATA[  [webkit] › osaka-autocomplete-test.spec.ts:4:3 › FIRSTHAND TESTING: Osaka Autocomplete Issue › Reproduce user-reported Osaka autocomplete issue 

    Error: page.goto: Could not connect to server
    Call log:
      - navigating to "http://localhost:5177/", waiting until "load"


       8 |     // Navigate to the actual running server (user reported 5177)
       9 |     console.log('📱 Navigating to http://localhost:5177 (user-reported server)...');
    > 10 |     await page.goto('http://localhost:5177');
         |                ^
      11 |     
      12 |     // Wait for app to load
      13 |     await page.waitForTimeout(2000);
        at C:\Users\Rachel\Desktop\SmartPack\SmartPack\playwright\osaka-autocomplete-test.spec.ts:10:16

    attachment #1: screenshot (image/png) ──────────────────────────────────────────────────────────
    ..\test-results\osaka-autocomplete-test-FI-b4604-ed-Osaka-autocomplete-issue-webkit\test-failed-1.png
    ────────────────────────────────────────────────────────────────────────────────────────────────

    attachment #2: video (video/webm) ──────────────────────────────────────────────────────────────
    ..\test-results\osaka-autocomplete-test-FI-b4604-ed-Osaka-autocomplete-issue-webkit\video.webm
    ────────────────────────────────────────────────────────────────────────────────────────────────
]]>
</failure>
<system-out>
<![CDATA[🔍 FIRSTHAND TESTING: Starting Osaka autocomplete investigation...
🎯 OBJECTIVE: Verify if "Osaka" → "Osaka, Japan" autocomplete works or fails
📱 Navigating to http://localhost:5177 (user-reported server)...

[[ATTACHMENT|test-results\osaka-autocomplete-test-FI-b4604-ed-Osaka-autocomplete-issue-webkit\test-failed-1.png]]

[[ATTACHMENT|test-results\osaka-autocomplete-test-FI-b4604-ed-Osaka-autocomplete-issue-webkit\video.webm]]
]]>
</system-out>
</testcase>
</testsuite>
<testsuite name="osaka-autocomplete-test.spec.ts" timestamp="2025-08-05T00:46:58.285Z" hostname="Mobile Chrome" tests="1" failures="1" skipped="0" time="2.985" errors="0">
<testcase name="FIRSTHAND TESTING: Osaka Autocomplete Issue › Reproduce user-reported Osaka autocomplete issue" classname="osaka-autocomplete-test.spec.ts" time="2.985">
<failure message="osaka-autocomplete-test.spec.ts:4:3 Reproduce user-reported Osaka autocomplete issue" type="FAILURE">
<![CDATA[  [Mobile Chrome] › osaka-autocomplete-test.spec.ts:4:3 › FIRSTHAND TESTING: Osaka Autocomplete Issue › Reproduce user-reported Osaka autocomplete issue 

    Error: page.goto: net::ERR_CONNECTION_REFUSED at http://localhost:5177/
    Call log:
      - navigating to "http://localhost:5177/", waiting until "load"


       8 |     // Navigate to the actual running server (user reported 5177)
       9 |     console.log('📱 Navigating to http://localhost:5177 (user-reported server)...');
    > 10 |     await page.goto('http://localhost:5177');
         |                ^
      11 |     
      12 |     // Wait for app to load
      13 |     await page.waitForTimeout(2000);
        at C:\Users\Rachel\Desktop\SmartPack\SmartPack\playwright\osaka-autocomplete-test.spec.ts:10:16

    attachment #1: screenshot (image/png) ──────────────────────────────────────────────────────────
    ..\test-results\osaka-autocomplete-test-FI-b4604-ed-Osaka-autocomplete-issue-Mobile-Chrome\test-failed-1.png
    ────────────────────────────────────────────────────────────────────────────────────────────────

    attachment #2: video (video/webm) ──────────────────────────────────────────────────────────────
    ..\test-results\osaka-autocomplete-test-FI-b4604-ed-Osaka-autocomplete-issue-Mobile-Chrome\video.webm
    ────────────────────────────────────────────────────────────────────────────────────────────────

    Error Context: ..\test-results\osaka-autocomplete-test-FI-b4604-ed-Osaka-autocomplete-issue-Mobile-Chrome\error-context.md
]]>
</failure>
<system-out>
<![CDATA[🔍 FIRSTHAND TESTING: Starting Osaka autocomplete investigation...
🎯 OBJECTIVE: Verify if "Osaka" → "Osaka, Japan" autocomplete works or fails
📱 Navigating to http://localhost:5177 (user-reported server)...

[[ATTACHMENT|test-results\osaka-autocomplete-test-FI-b4604-ed-Osaka-autocomplete-issue-Mobile-Chrome\test-failed-1.png]]

[[ATTACHMENT|test-results\osaka-autocomplete-test-FI-b4604-ed-Osaka-autocomplete-issue-Mobile-Chrome\video.webm]]

[[ATTACHMENT|test-results\osaka-autocomplete-test-FI-b4604-ed-Osaka-autocomplete-issue-Mobile-Chrome\error-context.md]]
]]>
</system-out>
</testcase>
</testsuite>
</testsuites>